<?xml version="1.0" encoding="UTF-8"?>
<!-- Generated by org.testng.reporters.JUnitReportReporter -->
<testsuite hostname="DESKTOP-1N0VLJU" failures="0" tests="4" name="TestCases" time="14.715" errors="0" timestamp="2024-10-27T03:20:45 EET" skipped="3">
  <testcase classname="TestCases" name="addItemToCart" time="14.715"/>
  <system-out/>
  <testcase classname="TestCases" name="logIn">
    <skipped/>
  </testcase> <!-- logIn -->
  <system-out/>
  <testcase classname="TestCases" name="logOut">
    <skipped/>
  </testcase> <!-- logOut -->
  <system-out/>
  <testcase classname="TestCases" name="signUp">
    <skipped/>
  </testcase> <!-- signUp -->
  <system-out/>
</testsuite> <!-- TestCases -->
